<?xml version="1.0" encoding="UTF-8"?>
<testsuite xmlns:xsi="http://www.w3.org/2001/XMLSchema-instance" xsi:noNamespaceSchemaLocation="https://maven.apache.org/surefire/maven-surefire-plugin/xsd/surefire-test-report-3.0.xsd" version="3.0" name="org.liangfacan53.courses.sf.ssm.mybatis.dao.BillMapperTest" time="0.811" tests="2" errors="0" skipped="0" failures="0">
  <properties>
    <property name="sun.desktop" value="windows"/>
    <property name="awt.toolkit" value="sun.awt.windows.WToolkit"/>
    <property name="java.specification.version" value="10"/>
    <property name="file.encoding.pkg" value="sun.io"/>
    <property name="sun.cpu.isalist" value="amd64"/>
    <property name="sun.jnu.encoding" value="GBK"/>
    <property name="java.class.path" value="C:\Users\Administrator\IdeaProjects\ssm-experiments\ssm-experiments\ssm-experiments-mybatis\target\test-classes;C:\Users\Administrator\IdeaProjects\ssm-experiments\ssm-experiments\ssm-experiments-mybatis\target\classes;C:\Users\Administrator\.m2\repository\org\mybatis\mybatis\3.5.7\mybatis-3.5.7.jar;C:\Users\Administrator\.m2\repository\mysql\mysql-connector-java\8.0.29\mysql-connector-java-8.0.29.jar;C:\Users\Administrator\.m2\repository\com\google\protobuf\protobuf-java\3.19.4\protobuf-java-3.19.4.jar;C:\Users\Administrator\.m2\repository\org\apache\logging\log4j\log4j-api\2.18.0\log4j-api-2.18.0.jar;C:\Users\Administrator\.m2\repository\org\apache\logging\log4j\log4j-core\2.18.0\log4j-core-2.18.0.jar;C:\Users\Administrator\.m2\repository\org\projectlombok\lombok\1.18.24\lombok-1.18.24.jar;C:\Users\Administrator\.m2\repository\org\junit\jupiter\junit-jupiter\5.8.2\junit-jupiter-5.8.2.jar;C:\Users\Administrator\.m2\repository\org\junit\jupiter\junit-jupiter-api\5.8.2\junit-jupiter-api-5.8.2.jar;C:\Users\Administrator\.m2\repository\org\opentest4j\opentest4j\1.2.0\opentest4j-1.2.0.jar;C:\Users\Administrator\.m2\repository\org\junit\platform\junit-platform-commons\1.8.2\junit-platform-commons-1.8.2.jar;C:\Users\Administrator\.m2\repository\org\apiguardian\apiguardian-api\1.1.2\apiguardian-api-1.1.2.jar;C:\Users\Administrator\.m2\repository\org\junit\jupiter\junit-jupiter-params\5.8.2\junit-jupiter-params-5.8.2.jar;C:\Users\Administrator\.m2\repository\org\junit\jupiter\junit-jupiter-engine\5.8.2\junit-jupiter-engine-5.8.2.jar;C:\Users\Administrator\.m2\repository\org\junit\platform\junit-platform-engine\1.8.2\junit-platform-engine-1.8.2.jar;C:\Users\Administrator\.m2\repository\org\hamcrest\hamcrest\2.2\hamcrest-2.2.jar;"/>
    <property name="java.vm.vendor" value="&quot;Oracle Corporation&quot;"/>
    <property name="sun.arch.data.model" value="64"/>
    <property name="user.variant" value=""/>
    <property name="java.vendor.url" value="http://java.oracle.com/"/>
    <property name="user.timezone" value="Asia/Shanghai"/>
    <property name="java.vm.specification.version" value="10"/>
    <property name="os.name" value="Windows 10"/>
    <property name="sun.java.launcher" value="SUN_STANDARD"/>
    <property name="user.country" value="CN"/>
    <property name="sun.boot.library.path" value="C:\Program Files\Java\jdk-10.0.1\bin"/>
    <property name="sun.java.command" value="C:\Users\Administrator\AppData\Local\Temp\surefire7902363746765358901\surefirebooter17177875601961701675.jar C:\Users\Administrator\AppData\Local\Temp\surefire7902363746765358901 2023-03-29T16-43-45_624-jvmRun1 surefire13572587911947105645tmp surefire_04400491343438676289tmp"/>
    <property name="jdk.debug" value="release"/>
    <property name="surefire.test.class.path" value="C:\Users\Administrator\IdeaProjects\ssm-experiments\ssm-experiments\ssm-experiments-mybatis\target\test-classes;C:\Users\Administrator\IdeaProjects\ssm-experiments\ssm-experiments\ssm-experiments-mybatis\target\classes;C:\Users\Administrator\.m2\repository\org\mybatis\mybatis\3.5.7\mybatis-3.5.7.jar;C:\Users\Administrator\.m2\repository\mysql\mysql-connector-java\8.0.29\mysql-connector-java-8.0.29.jar;C:\Users\Administrator\.m2\repository\com\google\protobuf\protobuf-java\3.19.4\protobuf-java-3.19.4.jar;C:\Users\Administrator\.m2\repository\org\apache\logging\log4j\log4j-api\2.18.0\log4j-api-2.18.0.jar;C:\Users\Administrator\.m2\repository\org\apache\logging\log4j\log4j-core\2.18.0\log4j-core-2.18.0.jar;C:\Users\Administrator\.m2\repository\org\projectlombok\lombok\1.18.24\lombok-1.18.24.jar;C:\Users\Administrator\.m2\repository\org\junit\jupiter\junit-jupiter\5.8.2\junit-jupiter-5.8.2.jar;C:\Users\Administrator\.m2\repository\org\junit\jupiter\junit-jupiter-api\5.8.2\junit-jupiter-api-5.8.2.jar;C:\Users\Administrator\.m2\repository\org\opentest4j\opentest4j\1.2.0\opentest4j-1.2.0.jar;C:\Users\Administrator\.m2\repository\org\junit\platform\junit-platform-commons\1.8.2\junit-platform-commons-1.8.2.jar;C:\Users\Administrator\.m2\repository\org\apiguardian\apiguardian-api\1.1.2\apiguardian-api-1.1.2.jar;C:\Users\Administrator\.m2\repository\org\junit\jupiter\junit-jupiter-params\5.8.2\junit-jupiter-params-5.8.2.jar;C:\Users\Administrator\.m2\repository\org\junit\jupiter\junit-jupiter-engine\5.8.2\junit-jupiter-engine-5.8.2.jar;C:\Users\Administrator\.m2\repository\org\junit\platform\junit-platform-engine\1.8.2\junit-platform-engine-1.8.2.jar;C:\Users\Administrator\.m2\repository\org\hamcrest\hamcrest\2.2\hamcrest-2.2.jar;"/>
    <property name="sun.cpu.endian" value="little"/>
    <property name="user.home" value="C:\Users\Administrator"/>
    <property name="user.language" value="zh"/>
    <property name="java.specification.vendor" value="Oracle Corporation"/>
    <property name="java.version.date" value="2018-04-17"/>
    <property name="java.home" value="C:\Program Files\Java\jdk-10.0.1"/>
    <property name="file.separator" value="\"/>
    <property name="basedir" value="C:\Users\Administrator\IdeaProjects\ssm-experiments\ssm-experiments\ssm-experiments-mybatis"/>
    <property name="java.vm.compressedOopsMode" value="Zero based"/>
    <property name="line.separator" value="&#10;"/>
    <property name="java.specification.name" value="Java Platform API Specification"/>
    <property name="java.vm.specification.vendor" value="Oracle Corporation"/>
    <property name="java.awt.graphicsenv" value="sun.awt.Win32GraphicsEnvironment"/>
    <property name="surefire.real.class.path" value="C:\Users\Administrator\AppData\Local\Temp\surefire7902363746765358901\surefirebooter17177875601961701675.jar"/>
    <property name="user.script" value=""/>
    <property name="sun.management.compiler" value="HotSpot 64-Bit Tiered Compilers"/>
    <property name="java.runtime.version" value="10.0.1+10"/>
    <property name="user.name" value="Administrator"/>
    <property name="path.separator" value=";"/>
    <property name="os.version" value="10.0"/>
    <property name="java.runtime.name" value="Java(TM) SE Runtime Environment"/>
    <property name="file.encoding" value="GBK"/>
    <property name="java.vm.name" value="Java HotSpot(TM) 64-Bit Server VM"/>
    <property name="idea.version2020.1" value="true"/>
    <property name="java.vendor.version" value="18.3"/>
    <property name="localRepository" value="C:\Users\Administrator\.m2\repository"/>
    <property name="java.vendor.url.bug" value="http://bugreport.java.com/bugreport/"/>
    <property name="java.io.tmpdir" value="C:\Users\Administrator\AppData\Local\Temp\"/>
    <property name="java.version" value="10.0.1"/>
    <property name="user.dir" value="C:\Users\Administrator\IdeaProjects\ssm-experiments\ssm-experiments\ssm-experiments-mybatis"/>
    <property name="os.arch" value="amd64"/>
    <property name="java.vm.specification.name" value="Java Virtual Machine Specification"/>
    <property name="java.awt.printerjob" value="sun.awt.windows.WPrinterJob"/>
    <property name="sun.os.patch.level" value=""/>
    <property name="java.library.path" value="C:\Program Files\Java\jdk-10.0.1\bin;C:\Windows\Sun\Java\bin;C:\Windows\system32;C:\Windows;C:\app\Administrator\product\11.2.0\dbhome_1\bin;C:\Program Files (x86)\Common Files\Oracle\Java\javapath;C:\Program Files\Python39\Scripts\;C:\Program Files\Python39\;C:\Windows\system32;C:\Windows;C:\Windows\System32\Wbem;C:\Windows\System32\WindowsPowerShell\v1.0\;C:\Windows\System32\OpenSSH\;C:\Program Files\nodejs\;C:\ProgramData\chocolatey\bin;C:\Program Files (x86)\Microsoft SQL Server\110\DTS\Binn\;C:\Program Files (x86)\Microsoft SQL Server\110\Tools\Binn\;C:\Program Files (x86)\Microsoft SQL Server\110\Tools\Binn\ManagementStudio\;C:\Program Files (x86)\Microsoft Visual Studio 10.0\Common7\IDE\PrivateAssemblies\;C:\Program Files (x86)\Rational\common;C:\Windows\system32\config\systemprofile\.dnx\bin;C:\Program Files\Microsoft DNX\Dnvm\;C:\Program Files\Microsoft SQL Server\120\Tools\Binn\;C:\Program Files\IBM\SPSS\Statistics\25\JRE\bin;C:\Users\Administrator\AppData\Local\Microsoft\WindowsApps;;C:\Program Files\JetBrains\IntelliJ IDEA Community Edition 2019.3.5\bin;;C:\Program Files\JetBrains\WebStorm 2021.3.1\bin;;C:\Users\Administrator\AppData\Roaming\npm;C:\Users\Administrator\AppData\Local\Programs\Microsoft VS Code\bin;C:\Program Files\JetBrains\IntelliJ IDEA 2020.1\bin;;."/>
    <property name="java.vendor" value="Oracle Corporation"/>
    <property name="java.vm.info" value="mixed mode"/>
    <property name="java.vm.version" value="10.0.1+10"/>
    <property name="sun.io.unicode.encoding" value="UnicodeLittle"/>
    <property name="maven.repo.local" value="C:\Users\Administrator\.m2\repository"/>
    <property name="java.class.version" value="54.0"/>
  </properties>
  <testcase name="getBillsByProviderIds" classname="org.liangfacan53.courses.sf.ssm.mybatis.dao.BillMapperTest" time="0.772">
    <system-out><![CDATA[Bill(id=7, billCode=BILL2016_007, productName=沐浴液、精油, productDesc=日用品-沐浴类, productUnit=瓶, productCount=500.00, totalPrice=23000.00, isPayment=1, createdBy=1, creationDate=Fri Jul 22 10:10:22 CST 2016, modifyBy=null, modifyDate=null, provider=null)
Bill(id=8, billCode=BILL2016_008, productName=不锈钢盘碗, productDesc=日用品-厨房用具, productUnit=个, productCount=600.00, totalPrice=6000.00, isPayment=2, createdBy=1, creationDate=Thu Apr 14 05:12:13 CST 2016, modifyBy=null, modifyDate=null, provider=null)
Bill(id=9, billCode=BILL2016_009, productName=塑料杯, productDesc=日用品-杯子, productUnit=个, productCount=350.00, totalPrice=1750.00, isPayment=2, createdBy=1, creationDate=Thu Feb 04 11:40:20 CST 2016, modifyBy=null, modifyDate=null, provider=null)
Bill(id=11, billCode=BILL2016_011, productName=海之蓝, productDesc=饮料-国酒, productUnit=瓶, productCount=50.00, totalPrice=10000.00, isPayment=1, createdBy=1, creationDate=Thu Apr 14 16:16:00 CST 2016, modifyBy=null, modifyDate=null, provider=null)
Bill(id=12, billCode=BILL2016_012, productName=芝华士, productDesc=饮料-洋酒, productUnit=瓶, productCount=20.00, totalPrice=6000.00, isPayment=1, createdBy=1, creationDate=Fri Sep 09 17:00:00 CST 2016, modifyBy=null, modifyDate=null, provider=null)
Bill(id=13, billCode=BILL2016_013, productName=长城红葡萄酒, productDesc=饮料-红酒, productUnit=瓶, productCount=60.00, totalPrice=800.00, isPayment=2, createdBy=1, creationDate=Mon Nov 14 15:23:00 CST 2016, modifyBy=null, modifyDate=null, provider=null)
Bill(id=1, billCode=BILL2016_001, productName=洗发水、护发素, productDesc=日用品-洗发、护发, productUnit=瓶, productCount=500.00, totalPrice=25000.00, isPayment=2, createdBy=1, creationDate=Sun Dec 14 13:02:03 CST 2014, modifyBy=null, modifyDate=null, provider=null)
Bill(id=2, billCode=BILL2016_002, productName=香皂、肥皂、药皂, productDesc=日用品-皂类, productUnit=块, productCount=1000.00, totalPrice=10000.00, isPayment=2, createdBy=1, creationDate=Wed Mar 23 04:20:40 CST 2016, modifyBy=null, modifyDate=null, provider=null)
Bill(id=3, billCode=BILL2016_003, productName=大豆油, productDesc=食品-食用油, productUnit=斤, productCount=300.00, totalPrice=5890.00, isPayment=2, createdBy=1, creationDate=Sun Dec 14 13:02:03 CST 2014, modifyBy=null, modifyDate=null, provider=null)
Bill(id=4, billCode=BILL2016_004, productName=橄榄油, productDesc=食品-进口食用油, productUnit=斤, productCount=200.00, totalPrice=9800.00, isPayment=2, createdBy=1, creationDate=Thu Oct 10 03:12:13 CST 2013, modifyBy=null, modifyDate=null, provider=null)
Bill(id=5, billCode=BILL2016_005, productName=洗洁精, productDesc=日用品-厨房清洁, productUnit=瓶, productCount=500.00, totalPrice=7000.00, isPayment=2, createdBy=1, creationDate=Sun Dec 14 13:02:03 CST 2014, modifyBy=null, modifyDate=null, provider=null)
Bill(id=6, billCode=BILL2016_006, productName=美国大杏仁, productDesc=食品-坚果, productUnit=袋, productCount=300.00, totalPrice=5000.00, isPayment=2, createdBy=1, creationDate=Thu Apr 14 06:08:09 CST 2016, modifyBy=null, modifyDate=null, provider=null)
Bill(id=7, billCode=BILL2016_007, productName=沐浴液、精油, productDesc=日用品-沐浴类, productUnit=瓶, productCount=500.00, totalPrice=23000.00, isPayment=1, createdBy=1, creationDate=Fri Jul 22 10:10:22 CST 2016, modifyBy=null, modifyDate=null, provider=null)
Bill(id=8, billCode=BILL2016_008, productName=不锈钢盘碗, productDesc=日用品-厨房用具, productUnit=个, productCount=600.00, totalPrice=6000.00, isPayment=2, createdBy=1, creationDate=Thu Apr 14 05:12:13 CST 2016, modifyBy=null, modifyDate=null, provider=null)
Bill(id=9, billCode=BILL2016_009, productName=塑料杯, productDesc=日用品-杯子, productUnit=个, productCount=350.00, totalPrice=1750.00, isPayment=2, createdBy=1, creationDate=Thu Feb 04 11:40:20 CST 2016, modifyBy=null, modifyDate=null, provider=null)
Bill(id=10, billCode=BILL2016_010, productName=豆瓣酱, productDesc=食品-调料, productUnit=瓶, productCount=200.00, totalPrice=2000.00, isPayment=2, createdBy=1, creationDate=Tue Oct 29 05:07:03 CST 2013, modifyBy=null, modifyDate=null, provider=null)
Bill(id=11, billCode=BILL2016_011, productName=海之蓝, productDesc=饮料-国酒, productUnit=瓶, productCount=50.00, totalPrice=10000.00, isPayment=1, createdBy=1, creationDate=Thu Apr 14 16:16:00 CST 2016, modifyBy=null, modifyDate=null, provider=null)
Bill(id=12, billCode=BILL2016_012, productName=芝华士, productDesc=饮料-洋酒, productUnit=瓶, productCount=20.00, totalPrice=6000.00, isPayment=1, createdBy=1, creationDate=Fri Sep 09 17:00:00 CST 2016, modifyBy=null, modifyDate=null, provider=null)
Bill(id=13, billCode=BILL2016_013, productName=长城红葡萄酒, productDesc=饮料-红酒, productUnit=瓶, productCount=60.00, totalPrice=800.00, isPayment=2, createdBy=1, creationDate=Mon Nov 14 15:23:00 CST 2016, modifyBy=null, modifyDate=null, provider=null)
Bill(id=14, billCode=BILL2016_014, productName=泰国香米, productDesc=食品-大米, productUnit=斤, productCount=400.00, totalPrice=5000.00, isPayment=2, createdBy=1, creationDate=Sun Oct 09 15:20:00 CST 2016, modifyBy=null, modifyDate=null, provider=null)
Bill(id=15, billCode=BILL2016_015, productName=东北大米, productDesc=食品-大米, productUnit=斤, productCount=600.00, totalPrice=4000.00, isPayment=2, createdBy=1, creationDate=Mon Nov 14 14:00:00 CST 2016, modifyBy=null, modifyDate=null, provider=null)
Bill(id=16, billCode=BILL2016_016, productName=可口可乐, productDesc=饮料, productUnit=瓶, productCount=2000.00, totalPrice=6000.00, isPayment=2, createdBy=1, creationDate=Tue Mar 27 13:03:01 CST 2012, modifyBy=null, modifyDate=null, provider=null)
Bill(id=17, billCode=BILL2016_017, productName=脉动, productDesc=饮料, productUnit=瓶, productCount=1500.00, totalPrice=4500.00, isPayment=2, createdBy=1, creationDate=Tue May 10 12:00:00 CST 2016, modifyBy=null, modifyDate=null, provider=null)
Bill(id=18, billCode=BILL2016_018, productName=哇哈哈, productDesc=饮料, productUnit=瓶, productCount=2000.00, totalPrice=4000.00, isPayment=2, createdBy=1, creationDate=Tue Nov 24 15:12:03 CST 2015, modifyBy=null, modifyDate=null, provider=null)
]]></system-out>
  </testcase>
  <testcase name="getBills" classname="org.liangfacan53.courses.sf.ssm.mybatis.dao.BillMapperTest" time="0.021">
    <system-out><![CDATA[Bill(id=1, billCode=BILL2016_001, productName=洗发水、护发素, productDesc=日用品-洗发、护发, productUnit=瓶, productCount=500.00, totalPrice=25000.00, isPayment=2, createdBy=1, creationDate=Sun Dec 14 13:02:03 CST 2014, modifyBy=null, modifyDate=null, provider=Provider(id=13, proCode=SD_GYS001, proName=山东豪克华光联合发展有限公司, proDesc=长期合作伙伴，主营产品：洗衣皂、洗衣粉、洗衣液、洗洁精、消杀类、香皂等, proContact=吴洪转, proPhone=13245468787, proAddress=山东济阳济北工业区仁和街21号, proFax=0531-53362445, createdBy=1, creationDate=Sun Dec 14 13:02:03 CST 2014, modifyBy=null, modifyDate=null))
Bill(id=2, billCode=BILL2016_002, productName=香皂、肥皂、药皂, productDesc=日用品-皂类, productUnit=块, productCount=1000.00, totalPrice=10000.00, isPayment=2, createdBy=1, creationDate=Wed Mar 23 04:20:40 CST 2016, modifyBy=null, modifyDate=null, provider=Provider(id=13, proCode=SD_GYS001, proName=山东豪克华光联合发展有限公司, proDesc=长期合作伙伴，主营产品：洗衣皂、洗衣粉、洗衣液、洗洁精、消杀类、香皂等, proContact=吴洪转, proPhone=13245468787, proAddress=山东济阳济北工业区仁和街21号, proFax=0531-53362445, createdBy=1, creationDate=Wed Mar 23 04:20:40 CST 2016, modifyBy=null, modifyDate=null))
Bill(id=3, billCode=BILL2016_003, productName=大豆油, productDesc=食品-食用油, productUnit=斤, productCount=300.00, totalPrice=5890.00, isPayment=2, createdBy=1, creationDate=Sun Dec 14 13:02:03 CST 2014, modifyBy=null, modifyDate=null, provider=Provider(id=6, proCode=BJ_GYS002, proName=北京纳福尔食用油有限公司, proDesc=长期合作伙伴，主营产品：山茶油、大豆油、花生油、橄榄油等, proContact=马莺, proPhone=13422235678, proAddress=北京市朝阳区珠江帝景1号楼, proFax=010-588634233, createdBy=1, creationDate=Sun Dec 14 13:02:03 CST 2014, modifyBy=null, modifyDate=null))
Bill(id=4, billCode=BILL2016_004, productName=橄榄油, productDesc=食品-进口食用油, productUnit=斤, productCount=200.00, totalPrice=9800.00, isPayment=2, createdBy=1, creationDate=Thu Oct 10 03:12:13 CST 2013, modifyBy=null, modifyDate=null, provider=Provider(id=7, proCode=BJ_GYS003, proName=北京国粮食用油有限公司, proDesc=初次合作伙伴，主营产品：花生油、大豆油、小磨油等, proContact=王驰, proPhone=13344441135, proAddress=北京大兴青云店开发区, proFax=010-588134111, createdBy=1, creationDate=Thu Oct 10 03:12:13 CST 2013, modifyBy=null, modifyDate=null))
Bill(id=5, billCode=BILL2016_005, productName=洗洁精, productDesc=日用品-厨房清洁, productUnit=瓶, productCount=500.00, totalPrice=7000.00, isPayment=2, createdBy=1, creationDate=Sun Dec 14 13:02:03 CST 2014, modifyBy=null, modifyDate=null, provider=Provider(id=9, proCode=GX_GYS001, proName=优百商贸有限公司, proDesc=长期合作伙伴，主营产品：日化产品, proContact=李立国, proPhone=13323566543, proAddress=广西南宁市秀厢大道42-1号, proFax=0771-98861134, createdBy=1, creationDate=Sun Dec 14 13:02:03 CST 2014, modifyBy=null, modifyDate=null))
Bill(id=6, billCode=BILL2016_006, productName=美国大杏仁, productDesc=食品-坚果, productUnit=袋, productCount=300.00, totalPrice=5000.00, isPayment=2, createdBy=1, creationDate=Thu Apr 14 06:08:09 CST 2016, modifyBy=null, modifyDate=null, provider=Provider(id=4, proCode=GZ_GYS002, proName=深圳市喜来客商贸有限公司, proDesc=长期合作伙伴，主营产品：坚果炒货.果脯蜜饯.天然花茶.营养豆豆.特色美食.进口食品.海味零食.肉脯肉, proContact=林妮, proPhone=18599897645, proAddress=广东省深圳市福龙工业区B2栋3楼西, proFax=0755-67772341, createdBy=1, creationDate=Thu Apr 14 06:08:09 CST 2016, modifyBy=null, modifyDate=null))
Bill(id=8, billCode=BILL2016_008, productName=不锈钢盘碗, productDesc=日用品-厨房用具, productUnit=个, productCount=600.00, totalPrice=6000.00, isPayment=2, createdBy=1, creationDate=Thu Apr 14 05:12:13 CST 2016, modifyBy=null, modifyDate=null, provider=Provider(id=14, proCode=JS_GYS003, proName=无锡喜源坤商行, proDesc=长期合作伙伴，主营产品：日化品批销, proContact=周一清, proPhone=18567674532, proAddress=江苏无锡盛岸西路, proFax=0510-32274422, createdBy=1, creationDate=Thu Apr 14 05:12:13 CST 2016, modifyBy=null, modifyDate=null))
Bill(id=9, billCode=BILL2016_009, productName=塑料杯, productDesc=日用品-杯子, productUnit=个, productCount=350.00, totalPrice=1750.00, isPayment=2, createdBy=1, creationDate=Thu Feb 04 11:40:20 CST 2016, modifyBy=null, modifyDate=null, provider=Provider(id=14, proCode=JS_GYS003, proName=无锡喜源坤商行, proDesc=长期合作伙伴，主营产品：日化品批销, proContact=周一清, proPhone=18567674532, proAddress=江苏无锡盛岸西路, proFax=0510-32274422, createdBy=1, creationDate=Thu Feb 04 11:40:20 CST 2016, modifyBy=null, modifyDate=null))
Bill(id=10, billCode=BILL2016_010, productName=豆瓣酱, productDesc=食品-调料, productUnit=瓶, productCount=200.00, totalPrice=2000.00, isPayment=2, createdBy=1, creationDate=Tue Oct 29 05:07:03 CST 2013, modifyBy=null, modifyDate=null, provider=Provider(id=8, proCode=ZJ_GYS001, proName=慈溪市广和绿色食品厂, proDesc=长期合作伙伴，主营产品：豆瓣酱、黄豆酱、甜面酱，辣椒，大蒜等农产品, proContact=薛圣丹, proPhone=18099953223, proAddress=浙江省宁波市慈溪周巷小安村, proFax=0574-34449090, createdBy=1, creationDate=Tue Oct 29 05:07:03 CST 2013, modifyBy=null, modifyDate=null))
Bill(id=13, billCode=BILL2016_013, productName=长城红葡萄酒, productDesc=饮料-红酒, productUnit=瓶, productCount=60.00, totalPrice=800.00, isPayment=2, createdBy=1, creationDate=Mon Nov 14 15:23:00 CST 2016, modifyBy=null, modifyDate=null, provider=Provider(id=1, proCode=BJ_GYS001, proName=北京三木堂商贸有限公司, proDesc=长期合作伙伴，主营产品:茅台、五粮液、郎酒、酒鬼酒、泸州老窖、赖茅酒、法国红酒等, proContact=张国强, proPhone=13566667777, proAddress=北京市丰台区育芳园北路, proFax=010-58858787, createdBy=1, creationDate=Mon Nov 14 15:23:00 CST 2016, modifyBy=null, modifyDate=null))
Bill(id=14, billCode=BILL2016_014, productName=泰国香米, productDesc=食品-大米, productUnit=斤, productCount=400.00, totalPrice=5000.00, isPayment=2, createdBy=1, creationDate=Sun Oct 09 15:20:00 CST 2016, modifyBy=null, modifyDate=null, provider=Provider(id=3, proCode=GZ_GYS001, proName=深圳市泰香米业有限公司, proDesc=初次合作伙伴，主营产品：良记金轮米,龙轮香米等, proContact=郑程瀚, proPhone=13402013312, proAddress=广东省深圳市福田区深南大道6006华丰大厦, proFax=0755-67776212, createdBy=1, creationDate=Sun Oct 09 15:20:00 CST 2016, modifyBy=null, modifyDate=null))
Bill(id=15, billCode=BILL2016_015, productName=东北大米, productDesc=食品-大米, productUnit=斤, productCount=600.00, totalPrice=4000.00, isPayment=2, createdBy=1, creationDate=Mon Nov 14 14:00:00 CST 2016, modifyBy=null, modifyDate=null, provider=Provider(id=3, proCode=GZ_GYS001, proName=深圳市泰香米业有限公司, proDesc=初次合作伙伴，主营产品：良记金轮米,龙轮香米等, proContact=郑程瀚, proPhone=13402013312, proAddress=广东省深圳市福田区深南大道6006华丰大厦, proFax=0755-67776212, createdBy=1, creationDate=Mon Nov 14 14:00:00 CST 2016, modifyBy=null, modifyDate=null))
Bill(id=16, billCode=BILL2016_016, productName=可口可乐, productDesc=饮料, productUnit=瓶, productCount=2000.00, totalPrice=6000.00, isPayment=2, createdBy=1, creationDate=Tue Mar 27 13:03:01 CST 2012, modifyBy=null, modifyDate=null, provider=Provider(id=2, proCode=HB_GYS001, proName=石家庄帅益食品贸易有限公司, proDesc=长期合作伙伴，主营产品:饮料、水饮料、植物蛋白饮料、休闲食品、果汁饮料、功能饮料等, proContact=王军, proPhone=13309094212, proAddress=河北省石家庄新华区, proFax=0311-67738876, createdBy=1, creationDate=Tue Mar 27 13:03:01 CST 2012, modifyBy=null, modifyDate=null))
Bill(id=17, billCode=BILL2016_017, productName=脉动, productDesc=饮料, productUnit=瓶, productCount=1500.00, totalPrice=4500.00, isPayment=2, createdBy=1, creationDate=Tue May 10 12:00:00 CST 2016, modifyBy=null, modifyDate=null, provider=Provider(id=2, proCode=HB_GYS001, proName=石家庄帅益食品贸易有限公司, proDesc=长期合作伙伴，主营产品:饮料、水饮料、植物蛋白饮料、休闲食品、果汁饮料、功能饮料等, proContact=王军, proPhone=13309094212, proAddress=河北省石家庄新华区, proFax=0311-67738876, createdBy=1, creationDate=Tue May 10 12:00:00 CST 2016, modifyBy=null, modifyDate=null))
Bill(id=18, billCode=BILL2016_018, productName=哇哈哈, productDesc=饮料, productUnit=瓶, productCount=2000.00, totalPrice=4000.00, isPayment=2, createdBy=1, creationDate=Tue Nov 24 15:12:03 CST 2015, modifyBy=null, modifyDate=null, provider=Provider(id=2, proCode=HB_GYS001, proName=石家庄帅益食品贸易有限公司, proDesc=长期合作伙伴，主营产品:饮料、水饮料、植物蛋白饮料、休闲食品、果汁饮料、功能饮料等, proContact=王军, proPhone=13309094212, proAddress=河北省石家庄新华区, proFax=0311-67738876, createdBy=1, creationDate=Tue Nov 24 15:12:03 CST 2015, modifyBy=null, modifyDate=null))
]]></system-out>
  </testcase>
</testsuite>